<?xml version="1.0" encoding="UTF-8"?>
<!-- Generated by org.testng.reporters.JUnitReportReporter -->
<testsuite hostname="DESKTOP-1DRG44F" failures="0" tests="1" name="testPackage.AddToCart" time="7.488" errors="0" timestamp="2025-03-18T10:47:13 IST" skipped="0">
  <testcase classname="testPackage.AddToCart" name="addToCartMethod" time="7.488"/>
</testsuite> <!-- testPackage.AddToCart -->
