<?xml version="1.0" encoding="UTF-8"?>
<!-- Generated by org.testng.reporters.JUnitReportReporter -->
<testsuite hostname="DESKTOP-1DRG44F" failures="0" tests="1" name="testPackage.TC_BuyProduct_003_Test" time="13.229" errors="0" timestamp="2025-03-20T11:49:11 IST" skipped="0">
  <testcase classname="testPackage.TC_BuyProduct_003_Test" name="buyProductMethod" time="13.229"/>
</testsuite> <!-- testPackage.TC_BuyProduct_003_Test -->
