<?xml version="1.0" encoding="UTF-8"?>
<!-- Generated by org.testng.reporters.JUnitReportReporter -->
<testsuite hostname="DESKTOP-1DRG44F" failures="0" tests="2" name="testNGExecution.LaunchInstagram" time="18.101" errors="0" timestamp="2025-03-05T11:49:41 IST" skipped="0">
  <testcase classname="testNGExecution.LaunchInstagram" name="launchInstagramTC" time="8.895"/>
  <testcase classname="testNGExecution.LaunchInstagram" name="launchInstagramTC" time="9.206"/>
</testsuite> <!-- testNGExecution.LaunchInstagram -->
