<?xml version="1.0" encoding="UTF-8"?>
<!-- Generated by org.testng.reporters.JUnitReportReporter -->
<testsuite hostname="DESKTOP-1DRG44F" failures="0" tests="2" name="testNGPackage1.Demo" time="0.016" errors="0" timestamp="2025-03-03T12:09:37 IST" skipped="0">
  <testcase classname="testNGPackage1.Demo" name="method1" time="0.012">
    <system-out>
      <![CDATA[This is testNG method1]]>
    </system-out>
  </testcase> <!-- method1 -->
  <testcase classname="testNGPackage1.Demo" name="method2" time="0.004">
    <system-out>
      <![CDATA[This is testNG method2]]>
    </system-out>
  </testcase> <!-- method2 -->
  <system-out>
    <![CDATA[This is testNG method1
This is testNG method2]]>
  </system-out>
</testsuite> <!-- testNGPackage1.Demo -->
