<?xml version="1.0" encoding="UTF-8"?>
<!-- Generated by org.testng.reporters.JUnitReportReporter -->
<testsuite hostname="DESKTOP-1DRG44F" failures="0" tests="3" name="testNGPackage1.ToUnderstandInvocationCount" time="15.411" errors="0" timestamp="2025-03-04T10:54:01 IST" skipped="0">
  <testcase classname="testNGPackage1.ToUnderstandInvocationCount" name="launchSelenium" time="5.423"/>
  <testcase classname="testNGPackage1.ToUnderstandInvocationCount" name="launchSelenium" time="4.884"/>
  <testcase classname="testNGPackage1.ToUnderstandInvocationCount" name="launchSelenium" time="5.104"/>
</testsuite> <!-- testNGPackage1.ToUnderstandInvocationCount -->
