<?xml version="1.0" encoding="UTF-8"?>
<!-- Generated by org.testng.reporters.JUnitReportReporter -->
<testsuite hostname="DESKTOP-1DRG44F" failures="0" tests="5" name="testNGPackage1.ToUnderstandThreadPoolSize" time="38.666" errors="0" timestamp="2025-03-04T11:12:31 IST" skipped="0">
  <testcase classname="testNGPackage1.ToUnderstandThreadPoolSize" name="launchSelenium" time="5.880"/>
  <testcase classname="testNGPackage1.ToUnderstandThreadPoolSize" name="launchSelenium" time="8.723"/>
  <testcase classname="testNGPackage1.ToUnderstandThreadPoolSize" name="launchSelenium" time="8.886"/>
  <testcase classname="testNGPackage1.ToUnderstandThreadPoolSize" name="launchSelenium" time="6.121"/>
  <testcase classname="testNGPackage1.ToUnderstandThreadPoolSize" name="launchSelenium" time="9.056"/>
</testsuite> <!-- testNGPackage1.ToUnderstandThreadPoolSize -->
