<?xml version="1.0" encoding="UTF-8"?>
<!-- Generated by org.testng.reporters.JUnitReportReporter -->
<testsuite hostname="DESKTOP-1DRG44F" failures="0" tests="4" name="testNGDataProvider.DataProviderUsingExcel" time="27.660" errors="0" timestamp="2025-03-10T12:18:19 IST" skipped="0">
  <testcase classname="testNGDataProvider.DataProviderUsingExcel" name="invalidLoginTC" time="7.633"/>
  <testcase classname="testNGDataProvider.DataProviderUsingExcel" name="invalidLoginTC" time="6.525"/>
  <testcase classname="testNGDataProvider.DataProviderUsingExcel" name="invalidLoginTC" time="6.827"/>
  <testcase classname="testNGDataProvider.DataProviderUsingExcel" name="invalidLoginTC" time="6.675"/>
</testsuite> <!-- testNGDataProvider.DataProviderUsingExcel -->
