<?xml version="1.0" encoding="UTF-8"?>
<!-- Generated by org.testng.reporters.JUnitReportReporter -->
<testsuite hostname="DESKTOP-1DRG44F" failures="0" tests="5" name="testNGPackage1.ToUnderstandPriorityAtrribute" time="0.024" errors="0" timestamp="2025-03-03T12:18:29 IST" skipped="0">
  <testcase classname="testNGPackage1.ToUnderstandPriorityAtrribute" name="register" time="0.011">
    <system-out>
      <![CDATA[This is register method]]>
    </system-out>
  </testcase> <!-- register -->
  <testcase classname="testNGPackage1.ToUnderstandPriorityAtrribute" name="login" time="0.003">
    <system-out>
      <![CDATA[This is login method]]>
    </system-out>
  </testcase> <!-- login -->
  <testcase classname="testNGPackage1.ToUnderstandPriorityAtrribute" name="checkAccountBalance" time="0.003">
    <system-out>
      <![CDATA[This is Check Account Balance Method]]>
    </system-out>
  </testcase> <!-- checkAccountBalance -->
  <testcase classname="testNGPackage1.ToUnderstandPriorityAtrribute" name="moneyTransfer" time="0.004">
    <system-out>
      <![CDATA[This is Money Transfer Method]]>
    </system-out>
  </testcase> <!-- moneyTransfer -->
  <testcase classname="testNGPackage1.ToUnderstandPriorityAtrribute" name="logout" time="0.003">
    <system-out>
      <![CDATA[This is Logout Method]]>
    </system-out>
  </testcase> <!-- logout -->
  <system-out>
    <![CDATA[This is register method
This is login method
This is Check Account Balance Method
This is Money Transfer Method
This is Logout Method]]>
  </system-out>
</testsuite> <!-- testNGPackage1.ToUnderstandPriorityAtrribute -->
