<?xml version="1.0" encoding="UTF-8"?>
<!-- Generated by org.testng.reporters.JUnitReportReporter -->
<testsuite hostname="DESKTOP-1DRG44F" failures="0" tests="1" name="testNGExecution.LaunchFacebook" time="7.460" errors="0" timestamp="2025-03-05T12:17:26 IST" skipped="0">
  <testcase classname="testNGExecution.LaunchFacebook" name="launchFacebookTC" time="7.460"/>
</testsuite> <!-- testNGExecution.LaunchFacebook -->
