<?xml version="1.0" encoding="UTF-8"?>
<!-- Generated by org.testng.reporters.JUnitReportReporter -->
<testsuite hostname="DESKTOP-1DRG44F" failures="0" tests="2" name="testNGAnnotations.ToUnderstandAnnotations" time="0.034" errors="0" timestamp="2025-03-07T11:16:26 IST" skipped="0">
  <testcase classname="testNGAnnotations.ToUnderstandAnnotations" name="test2" time="0.011">
    <system-out>
      <![CDATA[This Is Testcase 2]]>
    </system-out>
  </testcase> <!-- test2 -->
  <testcase classname="testNGAnnotations.ToUnderstandAnnotations" name="test1" time="0.023">
    <system-out>
      <![CDATA[This Is Testcase 1]]>
    </system-out>
  </testcase> <!-- test1 -->
  <system-out>
    <![CDATA[This Is BeforeSuite Method
This Is BeforeTest Method
This Is BeforeClass Method
This Is BeforeMethod Method
This Is Testcase 1
This Is AfterMethod Method
This Is BeforeMethod Method
This Is Testcase 2
This Is AfterMethod Method
This Is AfterClass Method
This Is AfterTest Method
This Is AfterSuite Method]]>
  </system-out>
</testsuite> <!-- testNGAnnotations.ToUnderstandAnnotations -->
