<?xml version="1.0" encoding="UTF-8"?>
<!-- Generated by org.testng.reporters.JUnitReportReporter -->
<testsuite hostname="DESKTOP-1DRG44F" failures="0" tests="2" name="testNGExecution2.CrossBrowserTesting" time="126.172" errors="0" timestamp="2025-03-06T11:55:57 IST" skipped="0">
  <testcase classname="testNGExecution2.CrossBrowserTesting" name="crossBrowser" time="95.235"/>
  <testcase classname="testNGExecution2.CrossBrowserTesting" name="crossBrowser" time="30.937"/>
</testsuite> <!-- testNGExecution2.CrossBrowserTesting -->
