<?xml version="1.0" encoding="UTF-8"?>
<!-- Generated by org.testng.reporters.JUnitReportReporter -->
<testsuite hostname="DESKTOP-1DRG44F" failures="0" tests="3" name="testNGDataProvider.LoginWithDataProvider" time="22.538" errors="0" timestamp="2025-03-10T11:29:49 IST" skipped="0">
  <testcase classname="testNGDataProvider.LoginWithDataProvider" name="invalidLoginTC" time="7.224"/>
  <testcase classname="testNGDataProvider.LoginWithDataProvider" name="invalidLoginTC" time="7.065"/>
  <testcase classname="testNGDataProvider.LoginWithDataProvider" name="invalidLoginTC" time="8.249"/>
</testsuite> <!-- testNGDataProvider.LoginWithDataProvider -->
