<?xml version="1.0" encoding="UTF-8"?>
<!-- Generated by org.testng.reporters.JUnitReportReporter -->
<testsuite hostname="DESKTOP-1DRG44F" failures="0" tests="1" name="testNGExecution2.YamahaMotors" time="9.006" errors="0" timestamp="2025-03-05T12:17:26 IST" skipped="0">
  <testcase classname="testNGExecution2.YamahaMotors" name="launchYamaha" time="9.006"/>
</testsuite> <!-- testNGExecution2.YamahaMotors -->
