<?xml version="1.0" encoding="UTF-8"?>
<!-- Generated by org.testng.reporters.JUnitReportReporter -->
<testsuite hostname="DESKTOP-1DRG44F" failures="0" tests="1" name="testNGExecution2.Parameterization" time="288.781" errors="0" timestamp="2025-03-06T11:25:06 IST" skipped="0">
  <testcase classname="testNGExecution2.Parameterization" name="parameterMethod" time="288.781"/>
</testsuite> <!-- testNGExecution2.Parameterization -->
