<?xml version="1.0" encoding="UTF-8"?>
<!-- Generated by org.testng.reporters.JUnitReportReporter -->
<testsuite hostname="DESKTOP-1DRG44F" failures="0" tests="2" name="testNGPackage1.TounderstandEnabled" time="5.739" errors="0" timestamp="2025-03-04T11:33:39 IST" skipped="1">
  <testcase classname="testNGPackage1.TounderstandEnabled" name="launchSelenium" time="5.739"/>
  <testcase classname="testNGPackage1.TounderstandEnabled" name="launchJavaTPoint">
    <skipped/>
  </testcase> <!-- launchJavaTPoint -->
</testsuite> <!-- testNGPackage1.TounderstandEnabled -->
