<?xml version="1.0" encoding="UTF-8"?>
<!-- Generated by org.testng.reporters.JUnitReportReporter -->
<testsuite hostname="DESKTOP-1DRG44F" failures="0" tests="1" name="testNGExecution2.RajputanaCustoms" time="10.465" errors="0" timestamp="2025-03-05T12:07:31 IST" skipped="0">
  <testcase classname="testNGExecution2.RajputanaCustoms" name="launchRajputanaCustoms" time="10.465"/>
</testsuite> <!-- testNGExecution2.RajputanaCustoms -->
