<?xml version="1.0" encoding="UTF-8"?>
<!-- Generated by org.testng.reporters.JUnitReportReporter -->
<testsuite hostname="DESKTOP-1DRG44F" failures="0" tests="2" name="testNGPackage1.DataProviderPractice1" time="13.433" errors="0" timestamp="2025-03-10T10:18:42 IST" skipped="0">
  <testcase classname="testNGPackage1.DataProviderPractice1" name="login" time="5.352"/>
  <testcase classname="testNGPackage1.DataProviderPractice1" name="login" time="8.081"/>
</testsuite> <!-- testNGPackage1.DataProviderPractice1 -->
